app/build/intermediates/manifest_merge_blame_file/debug/processDebugMainManifest/manifest-merger-blame-debug-report.txt
1<?xml version="1.0" encoding="utf-8"?>
2<manifest xmlns:android="http://schemas.android.com/apk/res/android"
3    package="com.indodevstudio.azka_home_iot"
4    android:versionCode="2"
5    android:versionName="3.3.1" >
6
7    <uses-sdk
8        android:minSdkVersion="30"
9        android:targetSdkVersion="34" />
10
11    <uses-feature
11-->src\main\AndroidManifest.xml:5:5-7:35
12        android:name="android.hardware.camera"
12-->src\main\AndroidManifest.xml:6:9-47
13        android:required="true" />
13-->src\main\AndroidManifest.xml:7:9-32
14    <uses-feature android:name="android.hardware.wifi" />
14-->src\main\AndroidManifest.xml:8:5-58
14-->src\main\AndroidManifest.xml:8:19-55
15    <uses-feature android:name="android.hardware.location.gps" />
15-->src\main\AndroidManifest.xml:9:5-66
15-->src\main\AndroidManifest.xml:9:19-63
16
17    <uses-permission android:name="android.permission.INTERNET" />
17-->src\main\AndroidManifest.xml:11:5-67
17-->src\main\AndroidManifest.xml:11:22-64
18    <uses-permission android:name="android.permission.CAMERA" />
18-->src\main\AndroidManifest.xml:12:5-65
18-->src\main\AndroidManifest.xml:12:22-62
19    <uses-permission android:name="android.permission.WAKE_LOCK" />
19-->src\main\AndroidManifest.xml:13:5-68
19-->src\main\AndroidManifest.xml:13:22-65
20    <uses-permission android:name="android.permission.ACCESS_NETWORK_STATE" />
20-->src\main\AndroidManifest.xml:14:5-79
20-->src\main\AndroidManifest.xml:14:22-76
21    <uses-permission android:name="android.permission.WRITE_EXTERNAL_STORAGE" />
21-->src\main\AndroidManifest.xml:15:5-81
21-->src\main\AndroidManifest.xml:15:22-78
22    <uses-permission android:name="android.permission.READ_EXTERNAL_STORAGE" />
22-->src\main\AndroidManifest.xml:16:5-80
22-->src\main\AndroidManifest.xml:16:22-77
23    <uses-permission android:name="android.permission.REORDER_TASKS" />
23-->src\main\AndroidManifest.xml:17:5-72
23-->src\main\AndroidManifest.xml:17:22-69
24    <uses-permission android:name="android.permission.POST_NOTIFICATIONS" />
24-->src\main\AndroidManifest.xml:18:5-77
24-->src\main\AndroidManifest.xml:18:22-74
25    <uses-permission android:name="android.permission.RECEIVE_BOOT_COMPLETED" />
25-->src\main\AndroidManifest.xml:19:5-81
25-->src\main\AndroidManifest.xml:19:22-78
26    <uses-permission android:name="android.permission.FOREGROUND_SERVICE" />
26-->src\main\AndroidManifest.xml:20:5-77
26-->src\main\AndroidManifest.xml:20:22-74
27    <uses-permission android:name="android.permission.REQUEST_IGNORE_BATTERY_OPTIMIZATIONS" />
27-->src\main\AndroidManifest.xml:21:5-95
27-->src\main\AndroidManifest.xml:21:22-92
28    <uses-permission android:name="android.permission.FOREGROUND_SERVICE_DATA_SYNC" />
28-->src\main\AndroidManifest.xml:22:5-87
28-->src\main\AndroidManifest.xml:22:22-84
29    <uses-permission android:name="android.permission.CHANGE_WIFI_STATE" />
29-->src\main\AndroidManifest.xml:23:5-76
29-->src\main\AndroidManifest.xml:23:22-73
30    <uses-permission android:name="android.permission.ACCESS_WIFI_STATE" />
30-->src\main\AndroidManifest.xml:24:5-76
30-->src\main\AndroidManifest.xml:24:22-73
31    <uses-permission android:name="android.permission.ACCESS_COARSE_LOCATION" />
31-->src\main\AndroidManifest.xml:26:5-81
31-->src\main\AndroidManifest.xml:26:22-78
32    <uses-permission android:name="android.permission.ACCESS_FINE_LOCATION" />
32-->src\main\AndroidManifest.xml:27:5-79
32-->src\main\AndroidManifest.xml:27:22-76
33    <uses-permission android:name="android.permission.FOREGROUND_SERVICE_LOCATION" />
33-->src\main\AndroidManifest.xml:28:5-86
33-->src\main\AndroidManifest.xml:28:22-83
34    <uses-permission android:name="android.permission.ACCESS_BACKGROUND_LOCATION" />
34-->src\main\AndroidManifest.xml:29:5-85
34-->src\main\AndroidManifest.xml:29:22-82
35    <uses-permission android:name="com.android.launcher.permission.INSTALL_SHORTCUT" />
35-->src\main\AndroidManifest.xml:31:5-88
35-->src\main\AndroidManifest.xml:31:22-85
36    <uses-permission android:name="android.permission.SCHEDULE_EXACT_ALARM" />
36-->[com.github.hannesa2:paho.mqtt.android:3.3.5] AndroidManifest.xml:11:5-79
36-->[com.github.hannesa2:paho.mqtt.android:3.3.5] AndroidManifest.xml:11:22-76
37    <uses-permission android:name="android.permission.USE_BIOMETRIC" /> <!-- suppress DeprecatedClassUsageInspection -->
37-->[androidx.biometric:biometric:1.1.0] AndroidManifest.xml:24:5-72
37-->[androidx.biometric:biometric:1.1.0] AndroidManifest.xml:24:22-69
38    <uses-permission android:name="android.permission.USE_FINGERPRINT" /> <!-- Required by older versions of Google Play services to create IID tokens -->
38-->[androidx.biometric:biometric:1.1.0] AndroidManifest.xml:27:5-74
38-->[androidx.biometric:biometric:1.1.0] AndroidManifest.xml:27:22-71
39    <uses-permission android:name="com.google.android.c2dm.permission.RECEIVE" />
39-->[com.google.firebase:firebase-messaging:24.0.0] AndroidManifest.xml:26:5-82
39-->[com.google.firebase:firebase-messaging:24.0.0] AndroidManifest.xml:26:22-79
40    <uses-permission android:name="com.google.android.providers.gsf.permission.READ_GSERVICES" />
40-->[com.google.android.recaptcha:recaptcha:18.4.0] AndroidManifest.xml:9:5-98
40-->[com.google.android.recaptcha:recaptcha:18.4.0] AndroidManifest.xml:9:22-95
41
42    <permission
42-->[androidx.core:core:1.15.0] AndroidManifest.xml:22:5-24:47
43        android:name="com.indodevstudio.azka_home_iot.DYNAMIC_RECEIVER_NOT_EXPORTED_PERMISSION"
43-->[androidx.core:core:1.15.0] AndroidManifest.xml:23:9-81
44        android:protectionLevel="signature" />
44-->[androidx.core:core:1.15.0] AndroidManifest.xml:24:9-44
45
46    <uses-permission android:name="com.indodevstudio.azka_home_iot.DYNAMIC_RECEIVER_NOT_EXPORTED_PERMISSION" />
46-->[androidx.core:core:1.15.0] AndroidManifest.xml:26:5-97
46-->[androidx.core:core:1.15.0] AndroidManifest.xml:26:22-94
47
48    <supports-screens
48-->[org.osmdroid:osmdroid-android:6.1.18] AndroidManifest.xml:9:5-12:40
49        android:anyDensity="true"
49-->[org.osmdroid:osmdroid-android:6.1.18] AndroidManifest.xml:10:9-34
50        android:largeScreens="true"
50-->[org.osmdroid:osmdroid-android:6.1.18] AndroidManifest.xml:11:9-36
51        android:normalScreens="true" />
51-->[org.osmdroid:osmdroid-android:6.1.18] AndroidManifest.xml:12:9-37
52
53    <uses-feature
53-->[org.osmdroid:osmdroid-android:6.1.18] AndroidManifest.xml:14:5-16:36
54        android:name="android.hardware.location.network"
54-->[org.osmdroid:osmdroid-android:6.1.18] AndroidManifest.xml:15:9-57
55        android:required="false" />
55-->[org.osmdroid:osmdroid-android:6.1.18] AndroidManifest.xml:16:9-33
56    <uses-feature
56-->[org.osmdroid:osmdroid-android:6.1.18] AndroidManifest.xml:20:5-22:36
57        android:name="android.hardware.telephony"
57-->[org.osmdroid:osmdroid-android:6.1.18] AndroidManifest.xml:21:9-50
58        android:required="false" />
58-->[org.osmdroid:osmdroid-android:6.1.18] AndroidManifest.xml:22:9-33
59
60    <application
60-->src\main\AndroidManifest.xml:32:5-182:19
61        android:name="com.indodevstudio.azka_home_iot.MyApp"
61-->src\main\AndroidManifest.xml:33:9-30
62        android:allowBackup="true"
62-->src\main\AndroidManifest.xml:34:9-35
63        android:appComponentFactory="androidx.core.app.CoreComponentFactory"
63-->[androidx.core:core:1.15.0] AndroidManifest.xml:28:18-86
64        android:dataExtractionRules="@xml/data_extraction_rules"
64-->src\main\AndroidManifest.xml:35:9-65
65        android:debuggable="true"
66        android:extractNativeLibs="true"
66-->src\main\AndroidManifest.xml:43:9-41
67        android:fullBackupContent="@xml/backup_rules"
67-->src\main\AndroidManifest.xml:36:9-54
68        android:icon="@drawable/logo"
68-->src\main\AndroidManifest.xml:37:9-38
69        android:label="@string/app_name"
69-->src\main\AndroidManifest.xml:38:9-41
70        android:roundIcon="@drawable/circle_logo"
70-->src\main\AndroidManifest.xml:39:9-50
71        android:supportsRtl="true"
71-->src\main\AndroidManifest.xml:40:9-35
72        android:theme="@style/Theme.MainActivity"
72-->src\main\AndroidManifest.xml:41:9-50
73        android:usesCleartextTraffic="true" >
73-->src\main\AndroidManifest.xml:42:9-44
74        <activity
74-->src\main\AndroidManifest.xml:46:9-48:40
75            android:name="com.indodevstudio.azka_home_iot.InviteActivity"
75-->src\main\AndroidManifest.xml:47:13-43
76            android:exported="false" />
76-->src\main\AndroidManifest.xml:48:13-37
77        <activity
77-->src\main\AndroidManifest.xml:50:9-53:52
78            android:name="com.indodevstudio.azka_home_iot.DeviceControlActivity"
78-->src\main\AndroidManifest.xml:51:13-50
79            android:exported="false"
79-->src\main\AndroidManifest.xml:52:13-37
80            android:screenOrientation="portrait" />
80-->src\main\AndroidManifest.xml:53:13-49
81        <activity
81-->src\main\AndroidManifest.xml:55:9-68:20
82            android:name="com.indodevstudio.azka_home_iot.LoginSuccessActivity"
82-->src\main\AndroidManifest.xml:56:13-49
83            android:exported="true" >
83-->src\main\AndroidManifest.xml:57:13-36
84            <intent-filter>
84-->src\main\AndroidManifest.xml:58:13-67:29
85                <action android:name="android.intent.action.VIEW" />
85-->src\main\AndroidManifest.xml:59:17-69
85-->src\main\AndroidManifest.xml:59:25-66
86
87                <category android:name="android.intent.category.DEFAULT" />
87-->src\main\AndroidManifest.xml:61:17-76
87-->src\main\AndroidManifest.xml:61:27-73
88                <category android:name="android.intent.category.BROWSABLE" />
88-->src\main\AndroidManifest.xml:62:17-78
88-->src\main\AndroidManifest.xml:62:27-75
89
90                <data
90-->src\main\AndroidManifest.xml:64:17-66:46
91                    android:host="link_success"
91-->src\main\AndroidManifest.xml:65:21-48
92                    android:scheme="myapp" />
92-->src\main\AndroidManifest.xml:66:21-43
93            </intent-filter>
94        </activity>
95
96        <provider
96-->src\main\AndroidManifest.xml:70:9-79:20
97            android:name="androidx.core.content.FileProvider"
97-->src\main\AndroidManifest.xml:71:13-62
98            android:authorities="com.indodevstudio.azka_home_iot.provider"
98-->src\main\AndroidManifest.xml:72:13-75
99            android:exported="false"
99-->src\main\AndroidManifest.xml:73:13-37
100            android:grantUriPermissions="true" >
100-->src\main\AndroidManifest.xml:74:13-47
101            <meta-data
101-->src\main\AndroidManifest.xml:75:13-78:52
102                android:name="android.support.FILE_PROVIDER_PATHS"
102-->src\main\AndroidManifest.xml:76:17-67
103                android:resource="@xml/file_paths" />
103-->src\main\AndroidManifest.xml:77:17-51
104        </provider>
105
106        <activity
106-->src\main\AndroidManifest.xml:81:9-91:20
107            android:name="com.indodevstudio.azka_home_iot.SplashActivity"
107-->src\main\AndroidManifest.xml:82:13-43
108            android:exported="true"
108-->src\main\AndroidManifest.xml:83:13-36
109            android:screenOrientation="portrait"
109-->src\main\AndroidManifest.xml:84:13-49
110            android:theme="@style/Theme.MainActivity" >
110-->src\main\AndroidManifest.xml:85:13-54
111            <intent-filter>
111-->src\main\AndroidManifest.xml:86:13-90:29
112                <action android:name="android.intent.action.MAIN" />
112-->src\main\AndroidManifest.xml:87:17-69
112-->src\main\AndroidManifest.xml:87:25-66
113
114                <category android:name="android.intent.category.LAUNCHER" />
114-->src\main\AndroidManifest.xml:89:17-77
114-->src\main\AndroidManifest.xml:89:27-74
115            </intent-filter>
116        </activity>
117        <activity
117-->src\main\AndroidManifest.xml:93:9-96:52
118            android:name="com.indodevstudio.azka_home_iot.InboxActivity"
118-->src\main\AndroidManifest.xml:94:13-42
119            android:exported="false"
119-->src\main\AndroidManifest.xml:95:13-37
120            android:screenOrientation="portrait" />
120-->src\main\AndroidManifest.xml:96:13-49
121        <activity
121-->src\main\AndroidManifest.xml:98:9-102:52
122            android:name="com.indodevstudio.azka_home_iot.SettingsActivity"
122-->src\main\AndroidManifest.xml:99:13-45
123            android:exported="false"
123-->src\main\AndroidManifest.xml:100:13-37
124            android:parentActivityName="com.indodevstudio.azka_home_iot.MainActivity"
124-->src\main\AndroidManifest.xml:101:13-55
125            android:screenOrientation="portrait" />
125-->src\main\AndroidManifest.xml:102:13-49
126        <activity
126-->src\main\AndroidManifest.xml:104:9-108:57
127            android:name="com.indodevstudio.azka_home_iot.DetailActivity"
127-->src\main\AndroidManifest.xml:105:13-43
128            android:exported="false"
128-->src\main\AndroidManifest.xml:106:13-37
129            android:screenOrientation="portrait"
129-->src\main\AndroidManifest.xml:107:13-49
130            android:theme="@style/Theme.MainActivity" />
130-->src\main\AndroidManifest.xml:108:13-54
131
132        <meta-data
132-->src\main\AndroidManifest.xml:110:9-112:53
133            android:name="com.google.firebase.messaging.default_notification_icon"
133-->src\main\AndroidManifest.xml:111:13-83
134            android:resource="@drawable/azkahiot" />
134-->src\main\AndroidManifest.xml:112:13-50
135        <meta-data
135-->src\main\AndroidManifest.xml:114:9-116:53
136            android:name="com.google.firebase.messaging.default_notification_color"
136-->src\main\AndroidManifest.xml:115:13-84
137            android:resource="@color/colorAccent" />
137-->src\main\AndroidManifest.xml:116:13-50
138
139        <activity
139-->src\main\AndroidManifest.xml:118:9-121:52
140            android:name="com.indodevstudio.azka_home_iot.ResetPwActivity"
140-->src\main\AndroidManifest.xml:119:13-44
141            android:exported="false"
141-->src\main\AndroidManifest.xml:120:13-37
142            android:screenOrientation="portrait" />
142-->src\main\AndroidManifest.xml:121:13-49
143        <activity
143-->src\main\AndroidManifest.xml:123:9-126:52
144            android:name="com.indodevstudio.azka_home_iot.SignUpActivity"
144-->src\main\AndroidManifest.xml:124:13-43
145            android:exported="false"
145-->src\main\AndroidManifest.xml:125:13-37
146            android:screenOrientation="portrait" />
146-->src\main\AndroidManifest.xml:126:13-49
147        <activity
147-->src\main\AndroidManifest.xml:128:9-133:20
148            android:name="com.indodevstudio.azka_home_iot.SignInActivity"
148-->src\main\AndroidManifest.xml:129:13-43
149            android:exported="true"
149-->src\main\AndroidManifest.xml:130:13-36
150            android:screenOrientation="portrait"
150-->src\main\AndroidManifest.xml:131:13-49
151            android:theme="@style/Theme.MainActivity" >
151-->src\main\AndroidManifest.xml:132:13-54
152        </activity>
153        <activity
153-->src\main\AndroidManifest.xml:135:9-139:57
154            android:name="com.indodevstudio.azka_home_iot.TamanActivity"
154-->src\main\AndroidManifest.xml:136:13-42
155            android:exported="true"
155-->src\main\AndroidManifest.xml:137:13-36
156            android:screenOrientation="portrait"
156-->src\main\AndroidManifest.xml:138:13-49
157            android:theme="@style/Theme.MainActivity" />
157-->src\main\AndroidManifest.xml:139:13-54
158        <activity
158-->src\main\AndroidManifest.xml:141:9-153:20
159            android:name="com.indodevstudio.azka_home_iot.MainActivity"
159-->src\main\AndroidManifest.xml:142:13-41
160            android:exported="true"
160-->src\main\AndroidManifest.xml:143:13-36
161            android:screenOrientation="portrait"
161-->src\main\AndroidManifest.xml:144:13-49
162            android:theme="@style/Theme.MainActivity" >
162-->src\main\AndroidManifest.xml:145:13-54
163            <intent-filter>
163-->src\main\AndroidManifest.xml:146:13-149:29
164                <action android:name="android.intent.action.VIEW" />
164-->src\main\AndroidManifest.xml:59:17-69
164-->src\main\AndroidManifest.xml:59:25-66
165
166                <category android:name="android.intent.category.DEFAULT" />
166-->src\main\AndroidManifest.xml:61:17-76
166-->src\main\AndroidManifest.xml:61:27-73
167            </intent-filter>
168
169            <meta-data
169-->src\main\AndroidManifest.xml:150:13-152:36
170                android:name="android.app.lib_name"
170-->src\main\AndroidManifest.xml:151:17-52
171                android:value="" />
171-->src\main\AndroidManifest.xml:152:17-33
172        </activity> <!-- <org.eclipse.paho.android.service android:name="org.eclipse.paho.android.org.eclipse.paho.android.org.eclipse.paho.android.service.MqttService" /> -->
173
174        <service
174-->src\main\AndroidManifest.xml:155:9-161:19
175            android:name="com.indodevstudio.azka_home_iot.MyFirebaseMessagingService"
175-->src\main\AndroidManifest.xml:156:13-55
176            android:exported="false" >
176-->src\main\AndroidManifest.xml:157:13-37
177            <intent-filter>
177-->src\main\AndroidManifest.xml:158:13-160:29
178                <action android:name="com.google.firebase.MESSAGING_EVENT" />
178-->src\main\AndroidManifest.xml:159:17-78
178-->src\main\AndroidManifest.xml:159:25-75
179            </intent-filter>
180        </service>
181        <service
181-->src\main\AndroidManifest.xml:163:9-166:40
182            android:name="com.indodevstudio.azka_home_iot.tracker.TrackerService"
182-->src\main\AndroidManifest.xml:164:13-51
183            android:exported="false"
183-->src\main\AndroidManifest.xml:166:13-37
184            android:foregroundServiceType="location" />
184-->src\main\AndroidManifest.xml:165:13-53
185
186        <receiver android:name="com.indodevstudio.azka_home_iot.NotificationActionReceiver" />
186-->src\main\AndroidManifest.xml:168:9-64
186-->src\main\AndroidManifest.xml:168:19-61
187
188        <!-- <receiver -->
189        <!-- android:name=".MQTT_Receiver" -->
190        <!-- android:exported="false"> -->
191        <!-- <intent-filter> -->
192        <!-- <action android:name="android.intent.action.BOOT_COMPLETED" /> -->
193        <!-- </intent-filter> -->
194        <!-- </receiver> -->
195
196        <service
196-->src\main\AndroidManifest.xml:178:9-181:56
197            android:name="com.indodevstudio.azka_home_iot.MQTT_Service"
197-->src\main\AndroidManifest.xml:179:13-41
198            android:exported="false"
198-->src\main\AndroidManifest.xml:180:13-37
199            android:foregroundServiceType="dataSync" />
199-->src\main\AndroidManifest.xml:181:13-53
200        <service
200-->[androidx.camera:camera-camera2:1.3.0] AndroidManifest.xml:24:9-33:19
201            android:name="androidx.camera.core.impl.MetadataHolderService"
201-->[androidx.camera:camera-camera2:1.3.0] AndroidManifest.xml:25:13-75
202            android:enabled="false"
202-->[androidx.camera:camera-camera2:1.3.0] AndroidManifest.xml:26:13-36
203            android:exported="false" >
203-->[androidx.camera:camera-camera2:1.3.0] AndroidManifest.xml:27:13-37
204            <meta-data
204-->[androidx.camera:camera-camera2:1.3.0] AndroidManifest.xml:30:13-32:89
205                android:name="androidx.camera.core.impl.MetadataHolderService.DEFAULT_CONFIG_PROVIDER"
205-->[androidx.camera:camera-camera2:1.3.0] AndroidManifest.xml:31:17-103
206                android:value="androidx.camera.camera2.Camera2Config$DefaultProvider" />
206-->[androidx.camera:camera-camera2:1.3.0] AndroidManifest.xml:32:17-86
207        </service>
208        <service android:name="info.mqtt.android.service.MqttService" />
208-->[com.github.hannesa2:paho.mqtt.android:3.3.5] AndroidManifest.xml:15:9-73
208-->[com.github.hannesa2:paho.mqtt.android:3.3.5] AndroidManifest.xml:15:18-70
209
210        <activity
210-->[com.github.AppDevNext.Logcat:LogcatCoreLib:2.9.5] AndroidManifest.xml:8:9-11:50
211            android:name="info.hannes.logcat.LogcatActivity"
211-->[com.github.AppDevNext.Logcat:LogcatCoreLib:2.9.5] AndroidManifest.xml:9:13-61
212            android:label="Logcat"
212-->[com.github.AppDevNext.Logcat:LogcatCoreLib:2.9.5] AndroidManifest.xml:10:13-35
213            android:theme="@style/DetailTheme" />
213-->[com.github.AppDevNext.Logcat:LogcatCoreLib:2.9.5] AndroidManifest.xml:11:13-47
214        <activity
214-->[com.github.AppDevNext.Logcat:LogcatCoreLib:2.9.5] AndroidManifest.xml:12:9-15:50
215            android:name="info.hannes.logcat.LogfileActivity"
215-->[com.github.AppDevNext.Logcat:LogcatCoreLib:2.9.5] AndroidManifest.xml:13:13-62
216            android:label="Timber"
216-->[com.github.AppDevNext.Logcat:LogcatCoreLib:2.9.5] AndroidManifest.xml:14:13-35
217            android:theme="@style/DetailTheme" />
217-->[com.github.AppDevNext.Logcat:LogcatCoreLib:2.9.5] AndroidManifest.xml:15:13-47
218        <activity
218-->[com.github.AppDevNext.Logcat:LogcatCoreLib:2.9.5] AndroidManifest.xml:16:9-19:50
219            android:name="info.hannes.logcat.BothLogActivity"
219-->[com.github.AppDevNext.Logcat:LogcatCoreLib:2.9.5] AndroidManifest.xml:17:13-62
220            android:label="All log"
220-->[com.github.AppDevNext.Logcat:LogcatCoreLib:2.9.5] AndroidManifest.xml:18:13-36
221            android:theme="@style/DetailTheme" />
221-->[com.github.AppDevNext.Logcat:LogcatCoreLib:2.9.5] AndroidManifest.xml:19:13-47
222
223        <provider
223-->[com.github.prolificinteractive:material-calendarview:2.0.1] AndroidManifest.xml:12:9-16:40
224            android:name="com.prolificinteractive.materialcalendarview.MaterialCalendarViewInitProvider"
224-->[com.github.prolificinteractive:material-calendarview:2.0.1] AndroidManifest.xml:13:13-105
225            android:authorities="com.indodevstudio.azka_home_iot.materialcalendarviewinitprovider"
225-->[com.github.prolificinteractive:material-calendarview:2.0.1] AndroidManifest.xml:14:13-84
226            android:enabled="true"
226-->[com.github.prolificinteractive:material-calendarview:2.0.1] AndroidManifest.xml:15:13-35
227            android:exported="false" />
227-->[com.github.prolificinteractive:material-calendarview:2.0.1] AndroidManifest.xml:16:13-37
228
229        <activity
229-->[com.google.firebase:firebase-auth:23.0.0] AndroidManifest.xml:29:9-46:20
230            android:name="com.google.firebase.auth.internal.GenericIdpActivity"
230-->[com.google.firebase:firebase-auth:23.0.0] AndroidManifest.xml:30:13-80
231            android:excludeFromRecents="true"
231-->[com.google.firebase:firebase-auth:23.0.0] AndroidManifest.xml:31:13-46
232            android:exported="true"
232-->[com.google.firebase:firebase-auth:23.0.0] AndroidManifest.xml:32:13-36
233            android:launchMode="singleTask"
233-->[com.google.firebase:firebase-auth:23.0.0] AndroidManifest.xml:33:13-44
234            android:theme="@android:style/Theme.Translucent.NoTitleBar" >
234-->[com.google.firebase:firebase-auth:23.0.0] AndroidManifest.xml:34:13-72
235            <intent-filter>
235-->[com.google.firebase:firebase-auth:23.0.0] AndroidManifest.xml:35:13-45:29
236                <action android:name="android.intent.action.VIEW" />
236-->src\main\AndroidManifest.xml:59:17-69
236-->src\main\AndroidManifest.xml:59:25-66
237
238                <category android:name="android.intent.category.DEFAULT" />
238-->src\main\AndroidManifest.xml:61:17-76
238-->src\main\AndroidManifest.xml:61:27-73
239                <category android:name="android.intent.category.BROWSABLE" />
239-->src\main\AndroidManifest.xml:62:17-78
239-->src\main\AndroidManifest.xml:62:27-75
240
241                <data
241-->src\main\AndroidManifest.xml:64:17-66:46
242                    android:host="firebase.auth"
242-->src\main\AndroidManifest.xml:65:21-48
243                    android:path="/"
244                    android:scheme="genericidp" />
244-->src\main\AndroidManifest.xml:66:21-43
245            </intent-filter>
246        </activity>
247        <activity
247-->[com.google.firebase:firebase-auth:23.0.0] AndroidManifest.xml:47:9-64:20
248            android:name="com.google.firebase.auth.internal.RecaptchaActivity"
248-->[com.google.firebase:firebase-auth:23.0.0] AndroidManifest.xml:48:13-79
249            android:excludeFromRecents="true"
249-->[com.google.firebase:firebase-auth:23.0.0] AndroidManifest.xml:49:13-46
250            android:exported="true"
250-->[com.google.firebase:firebase-auth:23.0.0] AndroidManifest.xml:50:13-36
251            android:launchMode="singleTask"
251-->[com.google.firebase:firebase-auth:23.0.0] AndroidManifest.xml:51:13-44
252            android:theme="@android:style/Theme.Translucent.NoTitleBar" >
252-->[com.google.firebase:firebase-auth:23.0.0] AndroidManifest.xml:52:13-72
253            <intent-filter>
253-->[com.google.firebase:firebase-auth:23.0.0] AndroidManifest.xml:53:13-63:29
254                <action android:name="android.intent.action.VIEW" />
254-->src\main\AndroidManifest.xml:59:17-69
254-->src\main\AndroidManifest.xml:59:25-66
255
256                <category android:name="android.intent.category.DEFAULT" />
256-->src\main\AndroidManifest.xml:61:17-76
256-->src\main\AndroidManifest.xml:61:27-73
257                <category android:name="android.intent.category.BROWSABLE" />
257-->src\main\AndroidManifest.xml:62:17-78
257-->src\main\AndroidManifest.xml:62:27-75
258
259                <data
259-->src\main\AndroidManifest.xml:64:17-66:46
260                    android:host="firebase.auth"
260-->src\main\AndroidManifest.xml:65:21-48
261                    android:path="/"
262                    android:scheme="recaptcha" />
262-->src\main\AndroidManifest.xml:66:21-43
263            </intent-filter>
264        </activity>
265
266        <service
266-->[com.google.firebase:firebase-auth:23.0.0] AndroidManifest.xml:66:9-72:19
267            android:name="com.google.firebase.components.ComponentDiscoveryService"
267-->[com.google.firebase:firebase-auth:23.0.0] AndroidManifest.xml:67:13-84
268            android:directBootAware="true"
268-->[com.google.firebase:firebase-common:21.0.0] AndroidManifest.xml:32:13-43
269            android:exported="false" >
269-->[com.google.firebase:firebase-auth:23.0.0] AndroidManifest.xml:68:13-37
270            <meta-data
270-->[com.google.firebase:firebase-auth:23.0.0] AndroidManifest.xml:69:13-71:85
271                android:name="com.google.firebase.components:com.google.firebase.auth.FirebaseAuthRegistrar"
271-->[com.google.firebase:firebase-auth:23.0.0] AndroidManifest.xml:70:17-109
272                android:value="com.google.firebase.components.ComponentRegistrar" />
272-->[com.google.firebase:firebase-auth:23.0.0] AndroidManifest.xml:71:17-82
273            <meta-data
273-->[com.google.firebase:firebase-database:21.0.0] AndroidManifest.xml:29:13-31:85
274                android:name="com.google.firebase.components:com.google.firebase.database.FirebaseDatabaseKtxRegistrar"
274-->[com.google.firebase:firebase-database:21.0.0] AndroidManifest.xml:30:17-120
275                android:value="com.google.firebase.components.ComponentRegistrar" />
275-->[com.google.firebase:firebase-database:21.0.0] AndroidManifest.xml:31:17-82
276            <meta-data
276-->[com.google.firebase:firebase-database:21.0.0] AndroidManifest.xml:32:13-34:85
277                android:name="com.google.firebase.components:com.google.firebase.database.DatabaseRegistrar"
277-->[com.google.firebase:firebase-database:21.0.0] AndroidManifest.xml:33:17-109
278                android:value="com.google.firebase.components.ComponentRegistrar" />
278-->[com.google.firebase:firebase-database:21.0.0] AndroidManifest.xml:34:17-82
279            <meta-data
279-->[com.google.firebase:firebase-firestore:25.0.0] AndroidManifest.xml:17:13-19:85
280                android:name="com.google.firebase.components:com.google.firebase.firestore.FirebaseFirestoreKtxRegistrar"
280-->[com.google.firebase:firebase-firestore:25.0.0] AndroidManifest.xml:18:17-122
281                android:value="com.google.firebase.components.ComponentRegistrar" />
281-->[com.google.firebase:firebase-firestore:25.0.0] AndroidManifest.xml:19:17-82
282            <meta-data
282-->[com.google.firebase:firebase-firestore:25.0.0] AndroidManifest.xml:20:13-22:85
283                android:name="com.google.firebase.components:com.google.firebase.firestore.FirestoreRegistrar"
283-->[com.google.firebase:firebase-firestore:25.0.0] AndroidManifest.xml:21:17-111
284                android:value="com.google.firebase.components.ComponentRegistrar" />
284-->[com.google.firebase:firebase-firestore:25.0.0] AndroidManifest.xml:22:17-82
285            <meta-data
285-->[com.google.firebase:firebase-messaging:24.0.0] AndroidManifest.xml:57:13-59:85
286                android:name="com.google.firebase.components:com.google.firebase.messaging.FirebaseMessagingKtxRegistrar"
286-->[com.google.firebase:firebase-messaging:24.0.0] AndroidManifest.xml:58:17-122
287                android:value="com.google.firebase.components.ComponentRegistrar" />
287-->[com.google.firebase:firebase-messaging:24.0.0] AndroidManifest.xml:59:17-82
288            <meta-data
288-->[com.google.firebase:firebase-messaging:24.0.0] AndroidManifest.xml:60:13-62:85
289                android:name="com.google.firebase.components:com.google.firebase.messaging.FirebaseMessagingRegistrar"
289-->[com.google.firebase:firebase-messaging:24.0.0] AndroidManifest.xml:61:17-119
290                android:value="com.google.firebase.components.ComponentRegistrar" />
290-->[com.google.firebase:firebase-messaging:24.0.0] AndroidManifest.xml:62:17-82
291            <meta-data
291-->[com.google.firebase:firebase-installations:17.2.0] AndroidManifest.xml:15:13-17:85
292                android:name="com.google.firebase.components:com.google.firebase.installations.FirebaseInstallationsKtxRegistrar"